<?xml version="1.0" encoding="UTF-8"?>
<testng-results skipped="0" failed="0" ignored="0" total="1" passed="1">
  <reporter-output>
  </reporter-output>
  <suite name="Default suite" duration-ms="13887" started-at="2019-05-15T05:02:45Z" finished-at="2019-05-15T05:02:58Z">
    <groups>
    </groups>
    <test name="Default test" duration-ms="13887" started-at="2019-05-15T05:02:45Z" finished-at="2019-05-15T05:02:58Z">
      <class name="com.inv.Login.LoginTest">
        <test-method status="PASS" signature="Loginvalidation()[pri:1, instance:com.inv.Login.LoginTest@c038203]" name="Loginvalidation" duration-ms="13871" started-at="2019-05-15T10:32:45Z" finished-at="2019-05-15T10:32:58Z">
          <reporter-output>
          </reporter-output>
        </test-method> <!-- Loginvalidation -->
      </class> <!-- com.inv.Login.LoginTest -->
    </test> <!-- Default test -->
  </suite> <!-- Default suite -->
</testng-results>
