<?xml version="1.0" encoding="UTF-8"?>
<testng-results skipped="0" failed="0" total="1" passed="1">
  <reporter-output>
  </reporter-output>
  <suite name="Default suite" duration-ms="10249" started-at="2019-05-22T09:29:45Z" finished-at="2019-05-22T09:29:55Z">
    <groups>
    </groups>
    <test name="Default test" duration-ms="10249" started-at="2019-05-22T09:29:45Z" finished-at="2019-05-22T09:29:55Z">
      <class name="com.inv.Login.LoginTest">
        <test-method status="PASS" signature="Loginvalidation()[pri:0, instance:com.inv.Login.LoginTest@7fa833]" name="Loginvalidation" duration-ms="10237" started-at="2019-05-22T14:59:45Z" finished-at="2019-05-22T14:59:55Z">
          <reporter-output>
          </reporter-output>
        </test-method> <!-- Loginvalidation -->
      </class> <!-- com.inv.Login.LoginTest -->
    </test> <!-- Default test -->
  </suite> <!-- Default suite -->
</testng-results>
