<?xml version="1.0" encoding="UTF-8"?>
<testng-results skipped="0" failed="0" total="1" passed="1">
  <reporter-output>
  </reporter-output>
  <suite name="Suite" duration-ms="9129" started-at="2019-05-17T12:13:08Z" finished-at="2019-05-17T12:13:17Z">
    <groups>
    </groups>
    <test name="Test" duration-ms="9129" started-at="2019-05-17T12:13:08Z" finished-at="2019-05-17T12:13:17Z">
      <class name="com.inv.Login.LoginTest">
        <test-method status="PASS" signature="Loginvalidation()[pri:0, instance:com.inv.Login.LoginTest@79be86]" name="Loginvalidation" duration-ms="9118" started-at="2019-05-17T17:43:08Z" finished-at="2019-05-17T17:43:17Z">
          <reporter-output>
          </reporter-output>
        </test-method> <!-- Loginvalidation -->
      </class> <!-- com.inv.Login.LoginTest -->
    </test> <!-- Test -->
  </suite> <!-- Suite -->
</testng-results>
